c:\users\lenovo\desktop\sfmlyeni\obj\x64\debug\vc143.pdb
c:\users\lenovo\desktop\sfmlyeni\obj\x64\debug\vc143.idb
c:\users\lenovo\desktop\sfmlyeni\obj\x64\debug\birinci.obj
c:\users\lenovo\desktop\sfmlyeni\bin\x64\debug\birinciproje.exe
c:\users\lenovo\desktop\sfmlyeni\bin\x64\debug\birinciproje.pdb
c:\users\lenovo\desktop\sfmlyeni\obj\x64\debug\birinciproje.ilk
c:\users\lenovo\desktop\sfmlyeni\obj\x64\debug\cizilebilir.obj
c:\users\lenovo\desktop\sfmlyeni\obj\x64\debug\hucre.obj
c:\users\lenovo\desktop\sfmlyeni\obj\x64\debug\izgara.obj
c:\users\lenovo\desktop\sfmlyeni\obj\x64\debug\kaynak.obj
c:\users\lenovo\desktop\sfmlyeni\obj\x64\debug\kaynak2.obj
c:\users\lenovo\desktop\sfmlyeni\obj\x64\debug\pencere.obj
c:\users\lenovo\desktop\sfmlyeni\obj\x64\debug\uygulama.obj
c:\users\lenovo\desktop\sfmlyeni\obj\x64\debug\yilan.obj
c:\users\lenovo\desktop\sfmlyeni\obj\x64\debug\ilkpencere.ilk
c:\users\lenovo\desktop\sfmlyeni\projeler\01-ilk uygulama\..\..\bin\x64\debug\birinciproje.pdb
c:\users\lenovo\desktop\sfmlyeni\projeler\01-ilk uygulama\..\..\obj\x64\debug\birinciproje.vcxproj.filelistabsolute.txt
c:\users\lenovo\desktop\sfmlyeni\obj\x64\debug\birinciproje.tlog\cl.command.1.tlog
c:\users\lenovo\desktop\sfmlyeni\obj\x64\debug\birinciproje.tlog\cl.items.tlog
c:\users\lenovo\desktop\sfmlyeni\obj\x64\debug\birinciproje.tlog\cl.read.1.tlog
c:\users\lenovo\desktop\sfmlyeni\obj\x64\debug\birinciproje.tlog\cl.write.1.tlog
c:\users\lenovo\desktop\sfmlyeni\obj\x64\debug\birinciproje.tlog\link.command.1.tlog
c:\users\lenovo\desktop\sfmlyeni\obj\x64\debug\birinciproje.tlog\link.read.1.tlog
c:\users\lenovo\desktop\sfmlyeni\obj\x64\debug\birinciproje.tlog\link.secondary.1.tlog
c:\users\lenovo\desktop\sfmlyeni\obj\x64\debug\birinciproje.tlog\link.write.1.tlog
