c:\users\lenovo\desktop\sfmlyeni\obj\x64\debug\vc143.pdb
c:\users\lenovo\desktop\sfmlyeni\obj\x64\debug\vc143.idb
c:\users\lenovo\desktop\sfmlyeni\obj\x64\debug\yilan.obj
c:\users\lenovo\desktop\sfmlyeni\obj\x64\debug\uygulama.obj
c:\users\lenovo\desktop\sfmlyeni\obj\x64\debug\pencere.obj
c:\users\lenovo\desktop\sfmlyeni\obj\x64\debug\oyunsonuekrani.obj
c:\users\lenovo\desktop\sfmlyeni\obj\x64\debug\kaynak2.obj
c:\users\lenovo\desktop\sfmlyeni\obj\x64\debug\kaynak.obj
c:\users\lenovo\desktop\sfmlyeni\obj\x64\debug\izgara.obj
c:\users\lenovo\desktop\sfmlyeni\obj\x64\debug\hucre.obj
c:\users\lenovo\desktop\sfmlyeni\obj\x64\debug\cizilebilir.obj
c:\users\lenovo\desktop\sfmlyeni\obj\x64\debug\ilkpencere.ilk
c:\users\lenovo\desktop\sfmlyeni\projeler\01-ilk uygulama\..\..\bin\x64\debug\ilkpencere.pdb
c:\users\lenovo\desktop\sfmlyeni\projeler\01-ilk uygulama\..\..\obj\x64\debug\ilkpencere.vcxproj.filelistabsolute.txt
c:\users\lenovo\desktop\sfmlyeni\obj\x64\debug\ilkpencere.tlog\cl.command.1.tlog
c:\users\lenovo\desktop\sfmlyeni\obj\x64\debug\ilkpencere.tlog\cl.items.tlog
c:\users\lenovo\desktop\sfmlyeni\obj\x64\debug\ilkpencere.tlog\cl.read.1.tlog
c:\users\lenovo\desktop\sfmlyeni\obj\x64\debug\ilkpencere.tlog\cl.write.1.tlog
c:\users\lenovo\desktop\sfmlyeni\obj\x64\debug\ilkpencere.tlog\link-cvtres.read.1.tlog
c:\users\lenovo\desktop\sfmlyeni\obj\x64\debug\ilkpencere.tlog\link-cvtres.write.1.tlog
c:\users\lenovo\desktop\sfmlyeni\obj\x64\debug\ilkpencere.tlog\link-rc.read.1.tlog
c:\users\lenovo\desktop\sfmlyeni\obj\x64\debug\ilkpencere.tlog\link-rc.write.1.tlog
c:\users\lenovo\desktop\sfmlyeni\obj\x64\debug\ilkpencere.tlog\link.20972-cvtres.read.1.tlog
c:\users\lenovo\desktop\sfmlyeni\obj\x64\debug\ilkpencere.tlog\link.20972-cvtres.write.1.tlog
c:\users\lenovo\desktop\sfmlyeni\obj\x64\debug\ilkpencere.tlog\link.20972-rc.read.1.tlog
c:\users\lenovo\desktop\sfmlyeni\obj\x64\debug\ilkpencere.tlog\link.20972-rc.write.1.tlog
c:\users\lenovo\desktop\sfmlyeni\obj\x64\debug\ilkpencere.tlog\link.20972.read.1.tlog
c:\users\lenovo\desktop\sfmlyeni\obj\x64\debug\ilkpencere.tlog\link.20972.read.2.tlog
c:\users\lenovo\desktop\sfmlyeni\obj\x64\debug\ilkpencere.tlog\link.20972.write.1.tlog
c:\users\lenovo\desktop\sfmlyeni\obj\x64\debug\ilkpencere.tlog\link.command.1.tlog
c:\users\lenovo\desktop\sfmlyeni\obj\x64\debug\ilkpencere.tlog\link.read.1.tlog
c:\users\lenovo\desktop\sfmlyeni\obj\x64\debug\ilkpencere.tlog\link.read.2.tlog
c:\users\lenovo\desktop\sfmlyeni\obj\x64\debug\ilkpencere.tlog\link.secondary.1.tlog
c:\users\lenovo\desktop\sfmlyeni\obj\x64\debug\ilkpencere.tlog\link.write.1.tlog
